lib_selector/build/intermediates/manifest_merge_blame_file/release/manifest-merger-blame-release-report.txt
1<?xml version="1.0" encoding="utf-8"?>
2<manifest xmlns:android="http://schemas.android.com/apk/res/android"
3    package="com.luck.picture.lib" >
4
5    <uses-sdk
6        android:minSdkVersion="21"
6-->src/main/AndroidManifest.xml
7        android:targetSdkVersion="31" />
7-->src/main/AndroidManifest.xml
8
9    <application>
9-->src/main/AndroidManifest.xml:5:5-35:19
10        <provider
10-->src/main/AndroidManifest.xml:6:9-14:20
11            android:name="com.luck.picture.lib.basic.PictureFileProvider"
11-->src/main/AndroidManifest.xml:7:13-74
12            android:authorities="${applicationId}.luckProvider"
12-->src/main/AndroidManifest.xml:8:13-64
13            android:exported="false"
13-->src/main/AndroidManifest.xml:9:13-37
14            android:grantUriPermissions="true" >
14-->src/main/AndroidManifest.xml:10:13-47
15            <meta-data
15-->src/main/AndroidManifest.xml:11:13-13:57
16                android:name="android.support.FILE_PROVIDER_PATHS"
16-->src/main/AndroidManifest.xml:12:17-67
17                android:resource="@xml/ps_file_paths" />
17-->src/main/AndroidManifest.xml:13:17-54
18        </provider>
19
20        <service
20-->src/main/AndroidManifest.xml:16:9-19:56
21            android:name="com.luck.picture.lib.service.ForegroundService"
21-->src/main/AndroidManifest.xml:17:13-74
22            android:enabled="true"
22-->src/main/AndroidManifest.xml:18:13-35
23            android:foregroundServiceType="location" />
23-->src/main/AndroidManifest.xml:19:13-53
24
25        <activity
25-->src/main/AndroidManifest.xml:21:9-26:20
26            android:name="com.luck.picture.lib.basic.PictureSelectorSupporterActivity"
26-->src/main/AndroidManifest.xml:22:13-67
27            android:configChanges="orientation|keyboardHidden|screenSize"
27-->src/main/AndroidManifest.xml:23:13-74
28            android:theme="@style/Base.Theme.NoActionBar" >
28-->src/main/AndroidManifest.xml:24:13-58
29        </activity>
30        <activity
30-->src/main/AndroidManifest.xml:28:9-33:20
31            android:name="com.luck.picture.lib.basic.PictureSelectorTransparentActivity"
31-->src/main/AndroidManifest.xml:29:13-69
32            android:configChanges="orientation|keyboardHidden|screenSize"
32-->src/main/AndroidManifest.xml:30:13-74
33            android:theme="@style/Picture.Theme.Translucent" >
33-->src/main/AndroidManifest.xml:31:13-61
34        </activity>
35    </application>
36
37</manifest>